Temp/gradleOut/unityLibrary/build/intermediates/manifest_merge_blame_file/release/manifest-merger-blame-release-report.txt
1<?xml version="1.0" encoding="utf-8"?>
2<!-- GENERATED BY UNITY. REMOVE THIS COMMENT TO PREVENT OVERWRITING WHEN EXPORTING AGAIN -->
3<manifest xmlns:android="http://schemas.android.com/apk/res/android"
4    xmlns:tools="http://schemas.android.com/tools"
5    package="com.unity3d.player"
6    android:versionCode="1"
7    android:versionName="1.0" >
8
9    <uses-sdk
10        android:minSdkVersion="19"
10-->src/main/AndroidManifest.xml
11        android:targetSdkVersion="29" />
11-->src/main/AndroidManifest.xml
12
13    <uses-feature android:glEsVersion="0x00020000" />
13-->src/main/AndroidManifest.xml:17:3-52
13-->src/main/AndroidManifest.xml:17:17-49
14
15    <uses-permission android:name="android.permission.INTERNET" />
15-->src/main/AndroidManifest.xml:18:3-65
15-->src/main/AndroidManifest.xml:18:20-62
16
17    <uses-feature
17-->src/main/AndroidManifest.xml:19:3-97
18        android:name="android.hardware.sensor.accelerometer"
18-->src/main/AndroidManifest.xml:19:17-69
19        android:required="false" />
19-->src/main/AndroidManifest.xml:19:70-94
20    <uses-feature
20-->src/main/AndroidManifest.xml:20:3-88
21        android:name="android.hardware.touchscreen"
21-->src/main/AndroidManifest.xml:20:17-60
22        android:required="false" />
22-->src/main/AndroidManifest.xml:20:61-85
23    <uses-feature
23-->src/main/AndroidManifest.xml:21:3-99
24        android:name="android.hardware.touchscreen.multitouch"
24-->src/main/AndroidManifest.xml:21:17-71
25        android:required="false" />
25-->src/main/AndroidManifest.xml:21:72-96
26    <uses-feature
26-->src/main/AndroidManifest.xml:22:3-108
27        android:name="android.hardware.touchscreen.multitouch.distinct"
27-->src/main/AndroidManifest.xml:22:17-80
28        android:required="false" />
28-->src/main/AndroidManifest.xml:22:81-105
29
30    <application android:isGame="true" >
30-->src/main/AndroidManifest.xml:4:3-16:17
30-->src/main/AndroidManifest.xml:4:16-37
31        <activity
31-->src/main/AndroidManifest.xml:5:5-12:16
32            android:name="com.unity3d.player.UnityPlayerActivity"
32-->src/main/AndroidManifest.xml:5:15-68
33            android:configChanges="mcc|mnc|locale|touchscreen|keyboard|keyboardHidden|navigation|orientation|screenLayout|uiMode|screenSize|smallestScreenSize|fontScale|layoutDirection|density"
33-->src/main/AndroidManifest.xml:5:187-368
34            android:hardwareAccelerated="false"
34-->src/main/AndroidManifest.xml:5:369-404
35            android:launchMode="singleTask"
35-->src/main/AndroidManifest.xml:5:155-186
36            android:screenOrientation="sensorLandscape"
36-->src/main/AndroidManifest.xml:5:111-154
37            android:theme="@style/UnityThemeSelector" >
37-->src/main/AndroidManifest.xml:5:69-110
38            <intent-filter>
38-->src/main/AndroidManifest.xml:6:7-10:23
39                <action android:name="android.intent.action.MAIN" />
39-->src/main/AndroidManifest.xml:7:9-61
39-->src/main/AndroidManifest.xml:7:17-58
40
41                <category android:name="android.intent.category.LAUNCHER" />
41-->src/main/AndroidManifest.xml:8:9-69
41-->src/main/AndroidManifest.xml:8:19-66
42                <category android:name="android.intent.category.LEANBACK_LAUNCHER" />
42-->src/main/AndroidManifest.xml:9:9-78
42-->src/main/AndroidManifest.xml:9:19-75
43            </intent-filter>
44
45            <meta-data
45-->src/main/AndroidManifest.xml:11:7-82
46                android:name="unityplayer.UnityActivity"
46-->src/main/AndroidManifest.xml:11:18-58
47                android:value="true" />
47-->src/main/AndroidManifest.xml:11:59-79
48        </activity>
49
50        <meta-data
50-->src/main/AndroidManifest.xml:13:5-69
51            android:name="unity.splash-mode"
51-->src/main/AndroidManifest.xml:13:16-48
52            android:value="0" />
52-->src/main/AndroidManifest.xml:13:49-66
53        <meta-data
53-->src/main/AndroidManifest.xml:14:5-74
54            android:name="unity.splash-enable"
54-->src/main/AndroidManifest.xml:14:16-50
55            android:value="True" />
55-->src/main/AndroidManifest.xml:14:51-71
56        <meta-data
56-->src/main/AndroidManifest.xml:15:5-101
57            android:name="unity.build-id"
57-->src/main/AndroidManifest.xml:15:16-45
58            android:value="321adeff-f996-4548-920d-ad207c7d7334" />
58-->src/main/AndroidManifest.xml:15:46-98
59    </application>
60
61</manifest>